<?xml version="1.0" encoding="UTF-8"?>
<testng-results skipped="0" failed="0" ignored="0" total="1" passed="1">
    <reporter-output>
    </reporter-output>
    <suite name="login_test_module" duration-ms="14177" started-at="2019-06-03T17:34:04Z"
           finished-at="2019-06-03T17:34:18Z">
        <groups>
        </groups>
        <test name="test_successful_login" duration-ms="14177" started-at="2019-06-03T17:34:04Z"
              finished-at="2019-06-03T17:34:18Z">
            <class name="com.challenge.tests.LoginTest">
                <test-method status="PASS"
                             signature="startTest()[pri:0, instance:com.challenge.tests.LoginTest@4ec6a292]"
                             name="startTest" is-config="true" duration-ms="14032" started-at="2019-06-03T17:34:04Z"
                             finished-at="2019-06-03T17:34:18Z">
                    <reporter-output>
                    </reporter-output>
                </test-method> <!-- startTest -->
                <test-method status="PASS"
                             signature="successfulLogin(java.lang.String)[pri:0, instance:com.challenge.tests.LoginTest@4ec6a292]"
                             name="successfulLogin" duration-ms="18" started-at="2019-06-03T17:34:18Z"
                             finished-at="2019-06-03T17:34:18Z">
                    <params>
                        <param index="0">
                            <value>
                                <![CDATA[Dashboard | CiviHR demo site]]>
                            </value>
                        </param>
                    </params>
                    <reporter-output>
                    </reporter-output>
                </test-method> <!-- successfulLogin -->
                <test-method status="PASS"
                             signature="quitTest()[pri:0, instance:com.challenge.tests.LoginTest@4ec6a292]"
                             name="quitTest" is-config="true" duration-ms="80" started-at="2019-06-03T17:34:18Z"
                             finished-at="2019-06-03T17:34:18Z">
                    <reporter-output>
                    </reporter-output>
                </test-method> <!-- quitTest -->
            </class> <!-- com.challenge.tests.LoginTest -->
        </test> <!-- test_successful_login -->
    </suite> <!-- login_test_module -->
</testng-results>
