<?xml version="1.0" encoding="UTF-8"?>
<testng-results skipped="0" failed="0" ignored="0" total="1" passed="1">
    <reporter-output>
    </reporter-output>
    <suite name="regions_add_test_module" duration-ms="39783" started-at="2019-06-03T17:34:04Z"
           finished-at="2019-06-03T17:34:44Z">
        <groups>
        </groups>
        <test name="regions_add" duration-ms="39783" started-at="2019-06-03T17:34:04Z"
              finished-at="2019-06-03T17:34:44Z">
            <class name="com.challenge.tests.RegionsTest">
                <test-method status="PASS"
                             signature="startTest()[pri:0, instance:com.challenge.tests.RegionsTest@4ec6a292]"
                             name="startTest" is-config="true" duration-ms="35771" started-at="2019-06-03T17:34:04Z"
                             finished-at="2019-06-03T17:34:40Z">
                    <reporter-output>
                    </reporter-output>
                </test-method> <!-- startTest -->
                <test-method status="PASS"
                             signature="testAddRegions(java.lang.String, java.lang.String, java.lang.String, java.lang.String)[pri:0, instance:com.challenge.tests.RegionsTest@4ec6a292]"
                             name="testAddRegions" duration-ms="3909" started-at="2019-06-03T17:34:40Z"
                             finished-at="2019-06-03T17:34:44Z">
                    <params>
                        <param index="0">
                            <value>
                                <![CDATA[Shahboz-Test-Challenge]]>
                            </value>
                        </param>
                        <param index="1">
                            <value>
                                <![CDATA[3]]>
                            </value>
                        </param>
                        <param index="2">
                            <value>
                                <![CDATA[3]]>
                            </value>
                        </param>
                        <param index="3">
                            <value>
                                <![CDATA[1]]>
                            </value>
                        </param>
                    </params>
                    <reporter-output>
                    </reporter-output>
                </test-method> <!-- testAddRegions -->
                <test-method status="PASS"
                             signature="quitTest()[pri:0, instance:com.challenge.tests.RegionsTest@4ec6a292]"
                             name="quitTest" is-config="true" duration-ms="64" started-at="2019-06-03T17:34:44Z"
                             finished-at="2019-06-03T17:34:44Z">
                    <reporter-output>
                    </reporter-output>
                </test-method> <!-- quitTest -->
            </class> <!-- com.challenge.tests.RegionsTest -->
        </test> <!-- regions_add -->
    </suite> <!-- regions_add_test_module -->
</testng-results>
